2024-01-30 18:48:31,018 INFO [Grading.java:35] testCase00 of GradeP1: success
2024-01-30 18:48:31,021 INFO [Grading.java:35] testCase01 of GradeP1: success
2024-01-30 18:48:31,021 INFO [Grading.java:35] testCase02 of GradeP1: success
2024-01-30 18:48:31,022 INFO [Grading.java:42] testCase03 of GradeP1: failed
2024-01-30 18:48:31,023 INFO [Grading.java:35] testCase04 of GradeP1: success
2024-01-30 18:48:31,023 INFO [Grading.java:42] testCase05 of GradeP1: failed
2024-01-30 18:48:31,023 INFO [Grading.java:35] testCase06 of GradeP1: success
2024-01-30 18:48:31,024 DEBUG [PlugSim.java:78] Plug b.200: power 200.0
2024-01-30 18:48:31,026 INFO [Grading.java:35] testCase07 of GradeP1: success
2024-01-30 18:48:31,026 DEBUG [PlugSim.java:78] Plug b.200: power 200.0
2024-01-30 18:48:31,026 DEBUG [PlugSim.java:78] Plug b.200: power 200.0
2024-01-30 18:48:31,027 INFO [Grading.java:42] testCase08 of GradeP1: failed
2024-01-30 18:48:31,027 DEBUG [PlugSim.java:78] Plug cccccccc.1000: power 1000.0
2024-01-30 18:48:31,027 DEBUG [PlugSim.java:78] Plug cccccccc.1000: power 1000.0
2024-01-30 18:48:31,027 INFO [Grading.java:42] testCase09 of GradeP1: failed
2024-01-30 18:51:05,166 INFO [Grading.java:35] testCase00 of GradeP1: success
2024-01-30 18:51:05,170 INFO [Grading.java:35] testCase01 of GradeP1: success
2024-01-30 18:51:05,171 INFO [Grading.java:35] testCase02 of GradeP1: success
2024-01-30 18:51:05,171 INFO [Grading.java:35] testCase03 of GradeP1: success
2024-01-30 18:51:05,171 INFO [Grading.java:35] testCase04 of GradeP1: success
2024-01-30 18:51:05,172 INFO [Grading.java:35] testCase05 of GradeP1: success
2024-01-30 18:51:05,172 INFO [Grading.java:35] testCase06 of GradeP1: success
2024-01-30 18:51:05,173 DEBUG [PlugSim.java:82] Plug b.200: power 200.0
2024-01-30 18:51:05,175 INFO [Grading.java:35] testCase07 of GradeP1: success
2024-01-30 18:51:05,175 DEBUG [PlugSim.java:82] Plug b.200: power 200.0
2024-01-30 18:51:05,175 DEBUG [PlugSim.java:82] Plug b.200: power 0.0
2024-01-30 18:51:05,175 INFO [Grading.java:35] testCase08 of GradeP1: success
2024-01-30 18:51:05,176 DEBUG [PlugSim.java:82] Plug cccccccc.1000: power 1000.0
2024-01-30 18:51:05,176 DEBUG [PlugSim.java:82] Plug cccccccc.1000: power 0.0
2024-01-30 18:51:05,176 INFO [Grading.java:35] testCase09 of GradeP1: success
2024-01-30 18:54:15,648 INFO [Grading.java:35] testCase00 of GradeP1: success
2024-01-30 18:54:15,651 INFO [Grading.java:35] testCase01 of GradeP1: success
2024-01-30 18:54:15,651 INFO [Grading.java:35] testCase02 of GradeP1: success
2024-01-30 18:54:15,652 INFO [Grading.java:35] testCase03 of GradeP1: success
2024-01-30 18:54:15,652 INFO [Grading.java:35] testCase04 of GradeP1: success
2024-01-30 18:54:15,652 INFO [Grading.java:35] testCase05 of GradeP1: success
2024-01-30 18:54:15,653 INFO [Grading.java:35] testCase06 of GradeP1: success
2024-01-30 18:54:15,653 DEBUG [PlugSim.java:82] Plug b.200: power 200.0
2024-01-30 18:54:15,655 INFO [Grading.java:35] testCase07 of GradeP1: success
2024-01-30 18:54:15,655 DEBUG [PlugSim.java:82] Plug b.200: power 200.0
2024-01-30 18:54:15,655 DEBUG [PlugSim.java:82] Plug b.200: power 0.0
2024-01-30 18:54:15,656 INFO [Grading.java:35] testCase08 of GradeP1: success
2024-01-30 18:54:15,656 DEBUG [PlugSim.java:82] Plug cccccccc.1000: power 1000.0
2024-01-30 18:54:15,656 DEBUG [PlugSim.java:82] Plug cccccccc.1000: power 0.0
2024-01-30 18:54:15,656 INFO [Grading.java:35] testCase09 of GradeP1: success
2024-01-30 18:55:35,705 INFO [Grading.java:35] testCase00 of GradeP1: success
2024-01-30 18:55:35,708 INFO [Grading.java:35] testCase01 of GradeP1: success
2024-01-30 18:55:35,709 INFO [Grading.java:35] testCase02 of GradeP1: success
2024-01-30 18:55:35,709 INFO [Grading.java:35] testCase03 of GradeP1: success
2024-01-30 18:55:35,710 INFO [Grading.java:35] testCase04 of GradeP1: success
2024-01-30 18:55:35,711 INFO [Grading.java:35] testCase05 of GradeP1: success
2024-01-30 18:55:35,711 INFO [Grading.java:35] testCase06 of GradeP1: success
2024-01-30 18:55:35,711 DEBUG [PlugSim.java:82] Plug b.200: power 200.0
2024-01-30 18:55:35,714 INFO [Grading.java:35] testCase07 of GradeP1: success
2024-01-30 18:55:35,714 DEBUG [PlugSim.java:82] Plug b.200: power 200.0
2024-01-30 18:55:35,714 DEBUG [PlugSim.java:82] Plug b.200: power 0.0
2024-01-30 18:55:35,714 INFO [Grading.java:35] testCase08 of GradeP1: success
2024-01-30 18:55:35,714 DEBUG [PlugSim.java:82] Plug cccccccc.1000: power 1000.0
2024-01-30 18:55:35,715 DEBUG [PlugSim.java:82] Plug cccccccc.1000: power 0.0
2024-01-30 18:55:35,715 INFO [Grading.java:35] testCase09 of GradeP1: success
2024-01-30 18:59:37,490 INFO [Grading.java:35] testCase00 of GradeP1: success
2024-01-30 18:59:37,493 INFO [Grading.java:35] testCase01 of GradeP1: success
2024-01-30 18:59:37,494 INFO [Grading.java:35] testCase02 of GradeP1: success
2024-01-30 18:59:37,494 INFO [Grading.java:35] testCase03 of GradeP1: success
2024-01-30 18:59:37,495 INFO [Grading.java:35] testCase04 of GradeP1: success
2024-01-30 18:59:37,495 INFO [Grading.java:35] testCase05 of GradeP1: success
2024-01-30 18:59:37,495 INFO [Grading.java:35] testCase06 of GradeP1: success
2024-01-30 18:59:37,496 DEBUG [PlugSim.java:82] Plug b.200: power 200.0
2024-01-30 18:59:37,498 INFO [Grading.java:35] testCase07 of GradeP1: success
2024-01-30 18:59:37,498 DEBUG [PlugSim.java:82] Plug b.200: power 200.0
2024-01-30 18:59:37,498 DEBUG [PlugSim.java:82] Plug b.200: power 0.0
2024-01-30 18:59:37,498 INFO [Grading.java:35] testCase08 of GradeP1: success
2024-01-30 18:59:37,499 DEBUG [PlugSim.java:82] Plug cccccccc.1000: power 1000.0
2024-01-30 18:59:37,499 DEBUG [PlugSim.java:82] Plug cccccccc.1000: power 0.0
2024-01-30 18:59:37,499 INFO [Grading.java:35] testCase09 of GradeP1: success
2024-01-30 19:02:59,657 DEBUG [PlugSim.java:82] Plug a: power 3.0
2024-01-30 19:02:59,663 DEBUG [PlugSim.java:82] Plug a: power 5.0
2024-01-30 19:03:00,229 INFO [Grading.java:35] testCase00 of GradeP1: success
2024-01-30 19:03:00,232 INFO [Grading.java:35] testCase01 of GradeP1: success
2024-01-30 19:03:00,233 INFO [Grading.java:35] testCase02 of GradeP1: success
2024-01-30 19:03:00,234 INFO [Grading.java:35] testCase03 of GradeP1: success
2024-01-30 19:03:00,234 INFO [Grading.java:35] testCase04 of GradeP1: success
2024-01-30 19:03:00,235 INFO [Grading.java:35] testCase05 of GradeP1: success
2024-01-30 19:03:00,235 INFO [Grading.java:35] testCase06 of GradeP1: success
2024-01-30 19:03:00,236 DEBUG [PlugSim.java:82] Plug b.200: power 200.0
2024-01-30 19:03:00,238 INFO [Grading.java:35] testCase07 of GradeP1: success
2024-01-30 19:03:00,238 DEBUG [PlugSim.java:82] Plug b.200: power 200.0
2024-01-30 19:03:00,238 DEBUG [PlugSim.java:82] Plug b.200: power 0.0
2024-01-30 19:03:00,239 INFO [Grading.java:35] testCase08 of GradeP1: success
2024-01-30 19:03:00,239 DEBUG [PlugSim.java:82] Plug cccccccc.1000: power 1000.0
2024-01-30 19:03:00,239 DEBUG [PlugSim.java:82] Plug cccccccc.1000: power 0.0
2024-01-30 19:03:00,239 INFO [Grading.java:35] testCase09 of GradeP1: success
2024-01-30 19:17:32,454 DEBUG [PlugSim.java:82] Plug a: power 3.0
2024-01-30 19:17:32,460 DEBUG [PlugSim.java:82] Plug a: power 5.0
2024-01-30 19:17:32,461 DEBUG [PlugSim.java:82] Plug a: power 1.0
2024-01-30 19:17:32,461 DEBUG [PlugSim.java:82] Plug a: power 0.0
2024-01-30 19:17:33,132 INFO [Grading.java:35] testCase00 of GradeP1: success
2024-01-30 19:17:33,136 INFO [Grading.java:35] testCase01 of GradeP1: success
2024-01-30 19:17:33,137 INFO [Grading.java:35] testCase02 of GradeP1: success
2024-01-30 19:17:33,137 INFO [Grading.java:35] testCase03 of GradeP1: success
2024-01-30 19:17:33,138 INFO [Grading.java:35] testCase04 of GradeP1: success
2024-01-30 19:17:33,138 INFO [Grading.java:35] testCase05 of GradeP1: success
2024-01-30 19:17:33,139 INFO [Grading.java:35] testCase06 of GradeP1: success
2024-01-30 19:17:33,139 DEBUG [PlugSim.java:82] Plug b.200: power 200.0
2024-01-30 19:17:33,141 INFO [Grading.java:35] testCase07 of GradeP1: success
2024-01-30 19:17:33,141 DEBUG [PlugSim.java:82] Plug b.200: power 200.0
2024-01-30 19:17:33,141 DEBUG [PlugSim.java:82] Plug b.200: power 0.0
2024-01-30 19:17:33,141 INFO [Grading.java:35] testCase08 of GradeP1: success
2024-01-30 19:17:33,142 DEBUG [PlugSim.java:82] Plug cccccccc.1000: power 1000.0
2024-01-30 19:17:33,142 DEBUG [PlugSim.java:82] Plug cccccccc.1000: power 0.0
2024-01-30 19:17:33,142 INFO [Grading.java:35] testCase09 of GradeP1: success
2024-01-30 19:30:29,698 DEBUG [PlugSim.java:114] Plug a: power 3.0
2024-01-30 19:30:29,729 DEBUG [PlugSim.java:114] Plug a: power 5.0
2024-01-30 19:30:29,730 DEBUG [PlugSim.java:114] Plug a: power 1.0
2024-01-30 19:30:29,731 DEBUG [PlugSim.java:114] Plug a: power 0.0
2024-01-30 19:30:30,484 INFO [Grading.java:35] testCase00 of GradeP1: success
2024-01-30 19:30:30,488 INFO [Grading.java:35] testCase01 of GradeP1: success
2024-01-30 19:30:30,489 INFO [Grading.java:35] testCase02 of GradeP1: success
2024-01-30 19:30:30,490 INFO [Grading.java:35] testCase03 of GradeP1: success
2024-01-30 19:30:30,490 INFO [Grading.java:35] testCase04 of GradeP1: success
2024-01-30 19:30:30,491 INFO [Grading.java:35] testCase05 of GradeP1: success
2024-01-30 19:30:30,491 INFO [Grading.java:35] testCase06 of GradeP1: success
2024-01-30 19:30:30,492 DEBUG [PlugSim.java:114] Plug b.200: power 200.0
2024-01-30 19:30:30,494 INFO [Grading.java:35] testCase07 of GradeP1: success
2024-01-30 19:30:30,494 DEBUG [PlugSim.java:114] Plug b.200: power 200.0
2024-01-30 19:30:30,495 DEBUG [PlugSim.java:114] Plug b.200: power 0.0
2024-01-30 19:30:30,495 INFO [Grading.java:35] testCase08 of GradeP1: success
2024-01-30 19:30:30,495 DEBUG [PlugSim.java:114] Plug cccccccc.1000: power 1000.0
2024-01-30 19:30:30,495 DEBUG [PlugSim.java:114] Plug cccccccc.1000: power 0.0
2024-01-30 19:30:30,496 INFO [Grading.java:35] testCase09 of GradeP1: success
2024-01-30 19:33:58,624 DEBUG [PlugSim.java:92] Plug a: power 3.0
2024-01-30 19:33:58,631 DEBUG [PlugSim.java:92] Plug a: power 5.0
2024-01-30 19:33:58,632 DEBUG [PlugSim.java:92] Plug a: power 1.0
2024-01-30 19:33:58,632 DEBUG [PlugSim.java:92] Plug a: power 0.0
2024-01-30 19:33:59,249 INFO [Grading.java:35] testCase00 of GradeP1: success
2024-01-30 19:33:59,252 INFO [Grading.java:35] testCase01 of GradeP1: success
2024-01-30 19:33:59,253 INFO [Grading.java:35] testCase02 of GradeP1: success
2024-01-30 19:33:59,253 INFO [Grading.java:35] testCase03 of GradeP1: success
2024-01-30 19:33:59,254 INFO [Grading.java:35] testCase04 of GradeP1: success
2024-01-30 19:33:59,254 INFO [Grading.java:35] testCase05 of GradeP1: success
2024-01-30 19:33:59,254 INFO [Grading.java:35] testCase06 of GradeP1: success
2024-01-30 19:33:59,255 DEBUG [PlugSim.java:92] Plug b.200: power 200.0
2024-01-30 19:33:59,257 INFO [Grading.java:35] testCase07 of GradeP1: success
2024-01-30 19:33:59,257 DEBUG [PlugSim.java:92] Plug b.200: power 200.0
2024-01-30 19:33:59,257 DEBUG [PlugSim.java:92] Plug b.200: power 0.0
2024-01-30 19:33:59,258 INFO [Grading.java:35] testCase08 of GradeP1: success
2024-01-30 19:33:59,258 DEBUG [PlugSim.java:92] Plug cccccccc.1000: power 1000.0
2024-01-30 19:33:59,258 DEBUG [PlugSim.java:92] Plug cccccccc.1000: power 0.0
2024-01-30 19:33:59,259 INFO [Grading.java:35] testCase09 of GradeP1: success
2024-01-30 19:39:37,272 DEBUG [PlugSim.java:92] Plug a: power 3.0
2024-01-30 19:39:37,280 DEBUG [PlugSim.java:92] Plug a: power 5.0
2024-01-30 19:39:37,281 DEBUG [PlugSim.java:92] Plug a: power 1.0
2024-01-30 19:39:37,281 DEBUG [PlugSim.java:92] Plug a: power 0.0
2024-01-30 19:39:37,282 DEBUG [PlugSim.java:92] Plug a: power 1.0
2024-01-30 19:39:37,282 DEBUG [PlugSim.java:92] Plug a: power 74.08781907032909
2024-01-30 19:39:37,282 DEBUG [PlugSim.java:92] Plug a: power 400.0
2024-01-30 19:39:37,282 DEBUG [PlugSim.java:92] Plug a: power 358.9919188507798
2024-01-30 19:39:37,283 DEBUG [PlugSim.java:92] Plug a: power 200.0
2024-01-30 19:39:37,283 DEBUG [PlugSim.java:92] Plug a: power 188.30859365238868
2024-01-30 19:39:37,985 INFO [Grading.java:35] testCase00 of GradeP1: success
2024-01-30 19:39:37,988 INFO [Grading.java:35] testCase01 of GradeP1: success
2024-01-30 19:39:37,988 INFO [Grading.java:35] testCase02 of GradeP1: success
2024-01-30 19:39:37,989 INFO [Grading.java:35] testCase03 of GradeP1: success
2024-01-30 19:39:37,990 INFO [Grading.java:35] testCase04 of GradeP1: success
2024-01-30 19:39:37,990 INFO [Grading.java:35] testCase05 of GradeP1: success
2024-01-30 19:39:37,991 INFO [Grading.java:35] testCase06 of GradeP1: success
2024-01-30 19:39:37,991 DEBUG [PlugSim.java:92] Plug b.200: power 200.0
2024-01-30 19:39:37,993 INFO [Grading.java:35] testCase07 of GradeP1: success
2024-01-30 19:39:37,993 DEBUG [PlugSim.java:92] Plug b.200: power 200.0
2024-01-30 19:39:37,994 DEBUG [PlugSim.java:92] Plug b.200: power 0.0
2024-01-30 19:39:37,994 INFO [Grading.java:35] testCase08 of GradeP1: success
2024-01-30 19:39:37,994 DEBUG [PlugSim.java:92] Plug cccccccc.1000: power 1000.0
2024-01-30 19:39:37,995 DEBUG [PlugSim.java:92] Plug cccccccc.1000: power 0.0
2024-01-30 19:39:37,995 INFO [Grading.java:35] testCase09 of GradeP1: success
2024-01-30 19:41:05,630 DEBUG [PlugSim.java:92] Plug a: power 3.0
2024-01-30 19:41:05,639 DEBUG [PlugSim.java:92] Plug a: power 5.0
2024-01-30 19:41:05,642 DEBUG [PlugSim.java:92] Plug a.1: power 99.0
2024-01-30 19:41:05,643 DEBUG [PlugSim.java:92] Plug a.1: power 1.0
2024-01-30 19:41:17,567 DEBUG [PlugSim.java:92] Plug a: power 3.0
2024-01-30 19:41:17,574 DEBUG [PlugSim.java:92] Plug a: power 5.0
2024-01-30 19:41:17,575 DEBUG [PlugSim.java:92] Plug a.1: power 99.0
2024-01-30 19:41:17,575 DEBUG [PlugSim.java:92] Plug a.1: power 1.0
2024-01-30 19:41:17,575 DEBUG [PlugSim.java:92] Plug a: power 1.0
2024-01-30 19:41:17,575 DEBUG [PlugSim.java:92] Plug a: power 0.0
2024-01-30 19:41:17,576 DEBUG [PlugSim.java:92] Plug a: power 1.0
2024-01-30 19:41:17,576 DEBUG [PlugSim.java:92] Plug a: power 74.08781907032909
2024-01-30 19:41:17,576 DEBUG [PlugSim.java:92] Plug a: power 400.0
2024-01-30 19:41:17,576 DEBUG [PlugSim.java:92] Plug a: power 358.9919188507798
2024-01-30 19:41:17,576 DEBUG [PlugSim.java:92] Plug a: power 200.0
2024-01-30 19:41:17,577 DEBUG [PlugSim.java:92] Plug a: power 188.30859365238868
2024-01-30 19:41:18,178 INFO [Grading.java:35] testCase00 of GradeP1: success
2024-01-30 19:41:18,181 INFO [Grading.java:35] testCase01 of GradeP1: success
2024-01-30 19:41:18,181 INFO [Grading.java:35] testCase02 of GradeP1: success
2024-01-30 19:41:18,182 INFO [Grading.java:35] testCase03 of GradeP1: success
2024-01-30 19:41:18,182 INFO [Grading.java:35] testCase04 of GradeP1: success
2024-01-30 19:41:18,183 INFO [Grading.java:35] testCase05 of GradeP1: success
2024-01-30 19:41:18,183 INFO [Grading.java:35] testCase06 of GradeP1: success
2024-01-30 19:41:18,184 DEBUG [PlugSim.java:92] Plug b.200: power 200.0
2024-01-30 19:41:18,186 INFO [Grading.java:35] testCase07 of GradeP1: success
2024-01-30 19:41:18,186 DEBUG [PlugSim.java:92] Plug b.200: power 200.0
2024-01-30 19:41:18,186 DEBUG [PlugSim.java:92] Plug b.200: power 0.0
2024-01-30 19:41:18,186 INFO [Grading.java:35] testCase08 of GradeP1: success
2024-01-30 19:41:18,187 DEBUG [PlugSim.java:92] Plug cccccccc.1000: power 1000.0
2024-01-30 19:41:18,187 DEBUG [PlugSim.java:92] Plug cccccccc.1000: power 0.0
2024-01-30 19:41:18,187 INFO [Grading.java:35] testCase09 of GradeP1: success
